This is pdfTeX, Version 3.141592653-2.6-1.40.24 (MiKTeX 23.1) (preloaded format=pdflatex 2023.3.25)  8 NOV 2023 22:28
entering extended mode
 restricted \write18 enabled.
 %&-line parsing enabled.
**./report_m.tex
(report_m.tex
LaTeX2e <2022-11-01> patch level 1
L3 programming layer <2023-02-22> (C:\MiKTeX\tex/latex/revtex\revtex4-2.cls
Document Class: revtex4-2 2022/06/05 4.2f (https://journals.aps.org/revtex/ for
 documentation)
 Copyright (c) 2019 American Physical Society.
 mailto:revtex@aps.org
 Licensed under the LPPL:
http://www.ctan.org/tex-archive/macros/latex/base/lppl.txt
 Arthur Ogawa <arthur_ogawa at sbcglobal dot net>
 Based on work by David Carlisle <david at dcarlisle.demon.co.uk>
 Version (4.2d--4.2f): Modified by Mark Doyle and Phelype Oleinik
 .
ltxutil[2022/06/05 4.2f utilities package (portions licensed from W. E. Baxter 
web at superscript.com)]
LaTeX Info: Redefining \@centercr on input line 356.
Class revtex4-2 Info: Repairing broken LaTeX eqnarray on input line 417.
\eqncolsep=\skip48
Class revtex4-2 Info: Repairing hyperref-unfriendly LaTeX definition of \mpfoot
note on input line 492.
Class revtex4-2 Info: Repairing broken LateX \@sect on input line 814.
\intertabularlinepenalty=\count185
\@tbpen=\count186
\@arstrutbox@hline=\box51
Class revtex4-2 Info: Repairing broken LaTeX \@xbitor on input line 1845.
Class revtex4-2 Info: Making \typeout \long on input line 2110.
ltxfront[2022/06/05 4.2f frontmatter package (AO,DPC,MD)]
\c@affil=\count187
\c@collab=\count188
\absbox=\box52
ltxgrid[2022/06/05 4.2f page grid package (portions licensed from W. E. Baxter 
web at superscript.com)]
\c@linecount=\count189
\output@latex=\toks16
\box@size@1=\box53
\box@size@2=\box54
\@protection@box=\box55
\@topmark@saved=\toks17
\footins@saved=\box56
\footins@recovered=\box57
\column@recovered=\box58
\pagesofar=\box59
\footsofar=\box60
\pagegrid@col=\count190
Class revtex4-2 Info: Overriding \@vspace, \@vspacer, \@no@pgbk, \@newline, and
 \\  on input line 5676.
\c@part=\count191
\c@section=\count192
\c@subsection=\count193
\c@subsubsection=\count194
\c@paragraph=\count195
\c@subparagraph=\count196
\abovecaptionskip=\skip49
\belowcaptionskip=\skip50
\c@figure=\count197
\fbox@1=\box61
\c@table=\count198
\fbox@2=\box62
\c@video=\count199
\fbox@4=\box63
\@bibdataout=\write3
\widetext@top=\box64
\widetext@bot=\box65
Class revtex4-2 Info: Selecting society aps on input line 7669.
(C:\MiKTeX\tex/latex/revtex\aps4-2.rtx
File: aps4-2 2022/06/05 4.2f (https://journals.aps.org/revtex/ for documentatio
n)
Class revtex4-2 Info: RevTeX society APS selected on input line 40.
)

Class revtex4-2 Warning: No journal specified, using default pra.

Class revtex4-2 Info: APS journal PRA selected on input line 7672.
(C:\MiKTeX\tex/latex/revtex\aps10pt4-2.rtx
File: aps10pt4-2 2022/06/05 4.2f (https://journals.aps.org/revtex/ for document
ation)
Class revtex4-2 Info: RevTeX pointsize 10pt selected on input line 39.
)
(C:\MiKTeX\tex/latex/textcase\textcase.sty
Package: textcase 2023/07/27 v1.04 Text only upper/lower case changing (DPC)
Package textcase Info: Defining Legacy names on input line 20.
)
(C:\MiKTeX\tex/latex/amsfonts\amssymb.sty
Package: amssymb 2013/01/14 v3.01 AMS font symbols

(C:\MiKTeX\tex/latex/amsfonts\amsfonts.sty
Package: amsfonts 2013/01/14 v3.01 Basic AMSFonts support
\@emptytoks=\toks18
\symAMSa=\mathgroup4
\symAMSb=\mathgroup5
LaTeX Font Info:    Redeclaring math symbol \hbar on input line 98.
LaTeX Font Info:    Overwriting math alphabet `\mathfrak' in version `bold'
(Font)                  U/euf/m/n --> U/euf/b/n on input line 106.
))
(C:\MiKTeX\tex/latex/amsmath\amsmath.sty
Package: amsmath 2022/04/08 v2.17n AMS math features
\@mathmargin=\skip51

For additional information on amsmath, use the `?' option.
(C:\MiKTeX\tex/latex/amsmath\amstext.sty
Package: amstext 2021/08/26 v2.01 AMS text

(C:\MiKTeX\tex/latex/amsmath\amsgen.sty
File: amsgen.sty 1999/11/30 v2.0 generic functions
\@emptytoks=\toks19
\ex@=\dimen140
)
LaTeX Info: Redefining \text on input line 28.
)
(C:\MiKTeX\tex/latex/amsmath\amsbsy.sty
Package: amsbsy 1999/11/29 v1.2d Bold Symbols
\pmbraise@=\dimen141
)
(C:\MiKTeX\tex/latex/amsmath\amsopn.sty
Package: amsopn 2022/04/08 v2.04 operator names
)
\inf@bad=\count266
LaTeX Info: Redefining \frac on input line 234.
\uproot@=\count267
\leftroot@=\count268
LaTeX Info: Redefining \overline on input line 399.
LaTeX Info: Redefining \colon on input line 410.
\classnum@=\count269
\DOTSCASE@=\count270
LaTeX Info: Redefining \ldots on input line 496.
LaTeX Info: Redefining \dots on input line 499.
LaTeX Info: Redefining \cdots on input line 620.
\Mathstrutbox@=\box66
\strutbox@=\box67
LaTeX Info: Redefining \big on input line 722.
LaTeX Info: Redefining \Big on input line 723.
LaTeX Info: Redefining \bigg on input line 724.
LaTeX Info: Redefining \Bigg on input line 725.
\big@size=\dimen142
LaTeX Font Info:    Redeclaring font encoding OML on input line 743.
LaTeX Font Info:    Redeclaring font encoding OMS on input line 744.
\macc@depth=\count271
LaTeX Info: Redefining \bmod on input line 905.
LaTeX Info: Redefining \pmod on input line 910.
LaTeX Info: Redefining \smash on input line 940.
LaTeX Info: Redefining \relbar on input line 970.
LaTeX Info: Redefining \Relbar on input line 971.
\c@MaxMatrixCols=\count272
\dotsspace@=\muskip16
\c@parentequation=\count273
\dspbrk@lvl=\count274
\tag@help=\toks20
\row@=\count275
\column@=\count276
\maxfields@=\count277
\andhelp@=\toks21
\eqnshift@=\dimen143
\alignsep@=\dimen144
\tagshift@=\dimen145
\tagwidth@=\dimen146
\totwidth@=\dimen147
\lineht@=\dimen148
\@envbody=\toks22
\multlinegap=\skip52
\multlinetaggap=\skip53
\mathdisplay@stack=\toks23
LaTeX Info: Redefining \[ on input line 2953.
LaTeX Info: Redefining \] on input line 2954.
) (C:\MiKTeX\tex/latex/url\url.sty
\Urlmuskip=\muskip17
Package: url 2013/09/16  ver 3.4  Verb mode for urls, etc.
)
(C:\MiKTeX\tex/latex/natbib\natbib.sty
Package: natbib 2010/09/13 8.31b (PWD, AO)
\bibhang=\skip54
\bibsep=\skip55
LaTeX Info: Redefining \cite on input line 694.
\c@NAT@ctr=\count278
)
Class revtex4-2 Info: Repairing natbib's \BibitemShut on input line 7676.

(C:\MiKTeX\tex/latex/revtex\revsymb4-2.sty
Package: revsymb4-2 2022/06/05 4.2f (https://journals.aps.org/revtex/ for docum
entation)
LaTeX Info: Redefining \frak on input line 104.
LaTeX Info: Redefining \Bbb on input line 120.
LaTeX Info: Redefining \REV@mathfrak on input line 128.
))
(C:\MiKTeX\tex/latex/graphics\graphicx.sty
Package: graphicx 2021/09/16 v1.2d Enhanced LaTeX Graphics (DPC,SPQR)

(C:\MiKTeX\tex/latex/graphics\keyval.sty
Package: keyval 2022/05/29 v1.15 key=value parser (DPC)
\KV@toks@=\toks24
)
(C:\MiKTeX\tex/latex/graphics\graphics.sty
Package: graphics 2022/03/10 v1.4e Standard LaTeX Graphics (DPC,SPQR)

(C:\MiKTeX\tex/latex/graphics\trig.sty
Package: trig 2021/08/11 v1.11 sin cos tan (DPC)
)
(C:\MiKTeX\tex/latex/graphics-cfg\graphics.cfg
File: graphics.cfg 2016/06/04 v1.11 sample graphics configuration
)
Package graphics Info: Driver file: pdftex.def on input line 107.

(C:\MiKTeX\tex/latex/graphics-def\pdftex.def
File: pdftex.def 2022/09/22 v1.2b Graphics/color driver for pdftex
))
\Gin@req@height=\dimen149
\Gin@req@width=\dimen150
)
(C:\MiKTeX\tex/latex/tools\dcolumn.sty
Package: dcolumn 2014/10/28 v1.06 decimal alignment package (DPC)
 (C:\MiKTeX\tex/latex/tools\array.sty
Package: array 2022/09/04 v2.5g Tabular extension package (FMi)
\col@sep=\dimen151
\ar@mcellbox=\box68
\extrarowheight=\dimen152
\NC@list=\toks25
\extratabsurround=\skip56
\backup@length=\skip57
\ar@cellbox=\box69
))
(C:\MiKTeX\tex/latex/tools\bm.sty
Package: bm 2022/01/05 v1.2f Bold Symbol Support (DPC/FMi)
\symboldoperators=\mathgroup6
\symboldletters=\mathgroup7
\symboldsymbols=\mathgroup8
Package bm Info: No bold for \OMX/cmex/m/n, using \pmb.
Package bm Info: No bold for \U/msa/m/n, using \pmb.
Package bm Info: No bold for \U/msb/m/n, using \pmb.
LaTeX Font Info:    Redeclaring math alphabet \mathbf on input line 149.
LaTeX Info: Redefining \bm on input line 219.
) (C:\MiKTeX\tex/latex/jknappen\mathrsfs.sty
Package: mathrsfs 1996/01/01 Math RSFS package v1.0 (jk)
\symrsfs=\mathgroup9
)
Class revtex4-2 Info: Unrecognized array package. Please update this document c
lass! (Proceeding with fingers crossed.) on input line 72.
Class revtex4-2 Info: cite was not loaded (OK!) on input line 72.
Class revtex4-2 Info: mcite was not loaded (OK!) on input line 72.
Class revtex4-2 Info: multicol was not loaded (OK!) on input line 72.

(C:\MiKTeX\tex/latex/l3backend\l3backend-pdftex.def
File: l3backend-pdftex.def 2023-01-16 L3 backend support: PDF output (pdfTeX)
\l__color_backend_stack_int=\count279
\l__pdf_internal_box=\box70
)
(C:\Users\K1191\Study\Learn\Papers\Self\HybridEA+GD\build\report_m.aux

LaTeX Warning: Label `sec:level2' multiply defined.


LaTeX Warning: Label `sec:level1' multiply defined.


LaTeX Warning: Label `sec:level1' multiply defined.


LaTeX Warning: Label `sec:level1' multiply defined.


LaTeX Warning: Label `sec:level1' multiply defined.

)
\openout1 = `report_m.aux'.

LaTeX Font Info:    Checking defaults for OML/cmm/m/it on input line 72.
LaTeX Font Info:    ... okay on input line 72.
LaTeX Font Info:    Checking defaults for OMS/cmsy/m/n on input line 72.
LaTeX Font Info:    ... okay on input line 72.
LaTeX Font Info:    Checking defaults for OT1/cmr/m/n on input line 72.
LaTeX Font Info:    ... okay on input line 72.
LaTeX Font Info:    Checking defaults for T1/cmr/m/n on input line 72.
LaTeX Font Info:    ... okay on input line 72.
LaTeX Font Info:    Checking defaults for TS1/cmr/m/n on input line 72.
LaTeX Font Info:    ... okay on input line 72.
LaTeX Font Info:    Checking defaults for OMX/cmex/m/n on input line 72.
LaTeX Font Info:    ... okay on input line 72.
LaTeX Font Info:    Checking defaults for U/cmr/m/n on input line 72.
LaTeX Font Info:    ... okay on input line 72.
 (C:\MiKTeX\tex/context/base/mkii\supp-pdf.mkii
[Loading MPS to PDF converter (version 2006.09.02).]
\scratchcounter=\count280
\scratchdimen=\dimen153
\scratchbox=\box71
\nofMPsegments=\count281
\nofMParguments=\count282
\everyMPshowfont=\toks26
\MPscratchCnt=\count283
\MPscratchDim=\dimen154
\MPnumerator=\count284
\makeMPintoPDFobject=\count285
\everyMPtoPDFconversion=\toks27
) (C:\MiKTeX\tex/latex/epstopdf-pkg\epstopdf-base.sty
Package: epstopdf-base 2020-01-24 v2.11 Base part for package epstopdf
Package epstopdf-base Info: Redefining graphics rule for `.eps' on input line 4
85.

(C:\MiKTeX\tex/latex/00miktex\epstopdf-sys.cfg
File: epstopdf-sys.cfg 2021/03/18 v2.0 Configuration of epstopdf for MiKTeX
))
\openout3 = `report_mNotes.bib'.



Package natbib Warning: Citation `MOEA-D' on page 1 undefined on input line 102
.

LaTeX Font Info:    Trying to load font information for U+msa on input line 103
.
(C:\MiKTeX\tex/latex/amsfonts\umsa.fd
File: umsa.fd 2013/01/14 v3.01 AMS symbols A
)
LaTeX Font Info:    Trying to load font information for U+msb on input line 103
.
 (C:\MiKTeX\tex/latex/amsfonts\umsb.fd
File: umsb.fd 2013/01/14 v3.01 AMS symbols B
)
LaTeX Font Info:    Trying to load font information for U+rsfs on input line 10
3.

(C:\MiKTeX\tex/latex/jknappen\ursfs.fd
File: ursfs.fd 1998/03/24 rsfs font definition file (jk)
)

Package amsfonts Warning: Obsolete command \bold; \mathbf should be used instea
d on input line 104.


Package natbib Warning: Citation `SMS-EMOA' on page 1 undefined on input line 1
10.

<./images/fig_0.png, id=1, 342.5297pt x 256.70906pt>
File: ./images/fig_0.png Graphic file (type png)
<use ./images/fig_0.png>
Package pdftex.def Info: ./images/fig_0.png  used on input line 127.
(pdftex.def)             Requested size: 127.5pt x 95.55275pt.

Package natbib Warning: Citation `A unified model Laumanns' on page 1 undefined
 on input line 134.


Package natbib Warning: Citation `SMS-EMOA' on page 1 undefined on input line 1
76.

[1{C:/Users/K1191/AppData/Local/MiKTeX/fonts/map/pdftex/pdftex.map} <./images/f
ig_0.png>]

Package natbib Warning: Citation `SMS-EMOA' on page 2 undefined on input line 1
91.

<./images/fig_2.png, id=22, 265.59225pt x 160.1985pt>
File: ./images/fig_2.png Graphic file (type png)
<use ./images/fig_2.png>
Package pdftex.def Info: ./images/fig_2.png  used on input line 194.
(pdftex.def)             Requested size: 255.0pt x 153.81569pt.

Overfull \hbox (9.0pt too wide) in paragraph at lines 194--195
 [][] 
 []

<./images/fig_1.png, id=23, 334.851pt x 224.037pt>
File: ./images/fig_1.png Graphic file (type png)
<use ./images/fig_1.png>
Package pdftex.def Info: ./images/fig_1.png  used on input line 207.
(pdftex.def)             Requested size: 255.0pt x 170.61172pt.

Overfull \hbox (9.0pt too wide) in paragraph at lines 207--208
 [][] 
 []

<./images/fig_3.png, id=24, 422.17725pt x 198.14024pt>
File: ./images/fig_3.png Graphic file (type png)
<use ./images/fig_3.png>
Package pdftex.def Info: ./images/fig_3.png  used on input line 212.
(pdftex.def)             Requested size: 408.00156pt x 191.49435pt.

Underfull \hbox (badness 1616) in paragraph at lines 220--221
[]\OT1/cmr/m/n/10 The in-te-gra-tion of ran-dom weight in Mu-rata &
 []

[2 <./images/fig_2.png> <./images/fig_1.png>]
Underfull \hbox (badness 10000) in paragraph at lines 228--229
\OT1/cmr/m/n/10 Evo-lu-tion-ary Al-go-rithm based on De-com-po-si-tion
 []


Underfull \hbox (badness 1173) in paragraph at lines 228--229
\OT1/cmr/m/n/10 (MOEA/D), which rep-re-sented a paradigm shift in
 []


Package natbib Warning: Citation `HIGA-MO' on page 3 undefined on input line 24
6.

[3 <./images/fig_3.png>]
<./images/fig_4.png, id=37, 328.8285pt x 292.6935pt>
File: ./images/fig_4.png Graphic file (type png)
<use ./images/fig_4.png>
Package pdftex.def Info: ./images/fig_4.png  used on input line 270.
(pdftex.def)             Requested size: 153.00156pt x 136.19038pt.

No file report_m.bbl.

Package natbib Warning: There were undefined citations.

[4 <./images/fig_4.png>]
(C:\Users\K1191\Study\Learn\Papers\Self\HybridEA+GD\build\report_m.aux)

LaTeX Warning: There were multiply-defined labels.

 ) 
Here is how much of TeX's memory you used:
 4916 strings out of 476334
 69502 string characters out of 5804386
 1871382 words of memory out of 5000000
 25292 multiletter control sequences out of 15000+600000
 519476 words of font info for 59 fonts, out of 8000000 for 9000
 1141 hyphenation exceptions out of 8191
 71i,8n,76p,1213b,313s stack positions out of 10000i,1000n,20000p,200000b,200000s
 <C:\Users\K1191\AppData\Local\MiKTeX\fonts/pk/ljfour/jknappen/ec/dpi600\tcrm
1000.pk><C:/MiKTeX/fonts/type1/public/amsfonts/cm/cmbx10.pfb><C:/MiKTeX/fonts/t
ype1/public/amsfonts/cm/cmbx12.pfb><C:/MiKTeX/fonts/type1/public/amsfonts/cm/cm
bx7.pfb><C:/MiKTeX/fonts/type1/public/amsfonts/cm/cmbx9.pfb><C:/MiKTeX/fonts/ty
pe1/public/amsfonts/cm/cmex10.pfb><C:/MiKTeX/fonts/type1/public/amsfonts/cm/cmm
i10.pfb><C:/MiKTeX/fonts/type1/public/amsfonts/cm/cmmi7.pfb><C:/MiKTeX/fonts/ty
pe1/public/amsfonts/cm/cmr10.pfb><C:/MiKTeX/fonts/type1/public/amsfonts/cm/cmr7
.pfb><C:/MiKTeX/fonts/type1/public/amsfonts/cm/cmr9.pfb><C:/MiKTeX/fonts/type1/
public/amsfonts/cm/cmsy10.pfb><C:/MiKTeX/fonts/type1/public/amsfonts/cm/cmsy7.p
fb><C:/MiKTeX/fonts/type1/public/amsfonts/cm/cmti10.pfb><C:/MiKTeX/fonts/type1/
public/amsfonts/cm/cmti9.pfb><C:/MiKTeX/fonts/type1/public/amsfonts/symbols/msb
m10.pfb><C:/MiKTeX/fonts/type1/public/rsfs/rsfs10.pfb>
Output written on C:\Users\K1191\Study\Learn\Papers\Self\HybridEA+GD\build\repo
rt_m.pdf (4 pages, 393862 bytes).
PDF statistics:
 111 PDF objects out of 1000 (max. 8388607)
 0 named destinations out of 1000 (max. 500000)
 26 words of extra memory for PDF output out of 10000 (max. 10000000)

